------------------------------------------------------
          Focal library test suite results
------------------------------------------------------
TEST_SUCCESS: 1
TEST_FAILED: 1
TEST_NOT_RUN: 0

*** Failed tests ***
testExample

*** Tests not run ***

*** Test outputs ***
testExample:	STOP 2
testExample:	 This test will fail
testExample:	testExample : TEST_FAILED
testExample2:	STOP 0
testExample2:	testExample2 : TEST_SUCCESS
------------------------------------------------------
